2022-09-07 16:49:21,235 : INFO : log_helper : 

2022-09-07 16:49:21,235 : INFO : log_helper : 

2022-09-07 16:57:33,022 : INFO : log_helper : 

2022-09-07 16:57:33,022 : INFO : log_helper : 

2022-09-07 16:57:33,022 : INFO : log_helper : 

2022-09-07 16:57:51,266 : INFO : log_helper : 

2022-09-07 16:57:51,266 : INFO : log_helper : 

2022-09-07 16:57:51,266 : INFO : log_helper : 

2022-09-07 17:39:34,307 : INFO : log_helper : Hist plot plotted!!!

2022-09-07 17:39:34,307 : INFO : log_helper : Hist plot plotted!!!

2022-09-07 17:39:34,780 : INFO : log_helper : Hist plot plotted!!!

2022-09-07 17:39:34,780 : INFO : log_helper : Hist plot plotted!!!

2022-09-07 18:11:50,343 : INFO : log_helper : bar plot plotted!!!

2022-09-07 18:11:50,343 : INFO : log_helper : bar plot plotted!!!

2022-09-07 18:11:50,343 : INFO : log_helper : bar plot plotted!!!

2022-09-07 18:15:05,441 : INFO : log_helper : bar plot plotted!!!

2022-09-07 18:15:05,441 : INFO : log_helper : bar plot plotted!!!

2022-09-07 18:15:05,441 : INFO : log_helper : bar plot plotted!!!

2022-09-07 18:16:08,218 : INFO : log_helper : bar plot plotted!!!

2022-09-07 18:16:08,218 : INFO : log_helper : bar plot plotted!!!

2022-09-07 18:16:08,218 : INFO : log_helper : bar plot plotted!!!

2022-09-07 20:25:01,983 : INFO : log_helper : bar plot plotted!!!

2022-09-07 20:25:01,983 : INFO : log_helper : bar plot plotted!!!

2022-09-07 20:25:02,340 : INFO : log_helper : bar plot plotted!!!

2022-09-07 20:25:02,340 : INFO : log_helper : bar plot plotted!!!

2022-09-07 20:25:05,088 : INFO : log_helper : Hist plot plotted!!!

2022-09-07 20:25:05,088 : INFO : log_helper : Hist plot plotted!!!

2022-09-07 20:25:05,506 : INFO : log_helper : Hist plot plotted!!!

2022-09-07 20:25:05,506 : INFO : log_helper : Hist plot plotted!!!

2022-09-07 20:52:29,130 : INFO : log_helper : bar plot plotted!!!

2022-09-07 20:52:29,130 : INFO : log_helper : bar plot plotted!!!

2022-09-07 20:52:29,413 : INFO : log_helper : bar plot plotted!!!

2022-09-07 20:52:29,413 : INFO : log_helper : bar plot plotted!!!

2022-09-07 20:52:32,001 : INFO : log_helper : Hist plot plotted!!!

2022-09-07 20:52:32,001 : INFO : log_helper : Hist plot plotted!!!

2022-09-07 20:52:32,412 : INFO : log_helper : Hist plot plotted!!!

2022-09-07 20:52:32,412 : INFO : log_helper : Hist plot plotted!!!

2022-09-07 20:54:16,766 : INFO : log_helper : bar plot plotted!!!

2022-09-07 20:54:16,766 : INFO : log_helper : bar plot plotted!!!

2022-09-07 20:54:17,059 : INFO : log_helper : bar plot plotted!!!

2022-09-07 20:54:17,059 : INFO : log_helper : bar plot plotted!!!

2022-09-07 20:54:19,721 : INFO : log_helper : Hist plot plotted!!!

2022-09-07 20:54:19,721 : INFO : log_helper : Hist plot plotted!!!

2022-09-07 20:54:20,143 : INFO : log_helper : Hist plot plotted!!!

2022-09-07 20:54:20,143 : INFO : log_helper : Hist plot plotted!!!

2022-09-07 23:20:11,303 : INFO : log_helper : bar plot plotted!!!

2022-09-07 23:20:11,303 : INFO : log_helper : bar plot plotted!!!

2022-09-07 23:20:11,591 : INFO : log_helper : bar plot plotted!!!

2022-09-07 23:20:11,591 : INFO : log_helper : bar plot plotted!!!

2022-09-07 23:20:14,201 : INFO : log_helper : Hist plot plotted!!!

2022-09-07 23:20:14,201 : INFO : log_helper : Hist plot plotted!!!

2022-09-07 23:20:14,644 : INFO : log_helper : Hist plot plotted!!!

2022-09-07 23:20:14,644 : INFO : log_helper : Hist plot plotted!!!

2022-09-11 00:02:28,414 : INFO : log_helper : Box plot plotted!!!

2022-09-11 00:02:28,414 : INFO : log_helper : Box plot plotted!!!

2022-09-11 00:02:28,600 : INFO : log_helper : Box plot plotted!!!

2022-09-11 00:02:28,600 : INFO : log_helper : Box plot plotted!!!

2022-09-11 00:02:40,933 : INFO : log_helper : Box plot plotted!!!

2022-09-11 00:02:40,933 : INFO : log_helper : Box plot plotted!!!

2022-09-11 00:02:40,933 : INFO : log_helper : Box plot plotted!!!

2022-09-11 00:02:41,226 : INFO : log_helper : Box plot plotted!!!

2022-09-11 00:02:41,226 : INFO : log_helper : Box plot plotted!!!

2022-09-11 00:02:41,226 : INFO : log_helper : Box plot plotted!!!

2022-09-11 00:14:30,404 : INFO : log_helper : outlier for Customers successfully fixed!

2022-09-11 00:14:30,404 : INFO : log_helper : outlier for Customers successfully fixed!

2022-09-11 00:14:30,404 : INFO : log_helper : outlier for Customers successfully fixed!

2022-09-11 00:14:30,462 : INFO : log_helper : outlier for Sales successfully fixed!

2022-09-11 00:14:30,462 : INFO : log_helper : outlier for Sales successfully fixed!

2022-09-11 00:14:30,462 : INFO : log_helper : outlier for Sales successfully fixed!

2022-09-11 00:14:55,186 : INFO : log_helper : Box plot plotted!!!

2022-09-11 00:14:55,186 : INFO : log_helper : Box plot plotted!!!

2022-09-11 00:14:55,186 : INFO : log_helper : Box plot plotted!!!

2022-09-11 00:14:55,377 : INFO : log_helper : Box plot plotted!!!

2022-09-11 00:14:55,377 : INFO : log_helper : Box plot plotted!!!

2022-09-11 00:14:55,377 : INFO : log_helper : Box plot plotted!!!

2022-09-11 00:40:07,036 : INFO : log_helper : Successfully Added WeekDay Column to the DataFrame

2022-09-11 00:40:07,036 : INFO : log_helper : Successfully Added WeekDay Column to the DataFrame

2022-09-11 00:40:07,036 : INFO : log_helper : Successfully Added WeekDay Column to the DataFrame

2022-09-11 00:40:07,668 : INFO : log_helper : Successfully Added DaysToHoliday Column

2022-09-11 00:40:07,668 : INFO : log_helper : Successfully Added DaysToHoliday Column

2022-09-11 00:40:07,668 : INFO : log_helper : Successfully Added DaysToHoliday Column

2022-09-11 00:40:08,134 : INFO : log_helper : Successfully Added DaysAfterHoliday Column

2022-09-11 00:40:08,134 : INFO : log_helper : Successfully Added DaysAfterHoliday Column

2022-09-11 00:40:08,134 : INFO : log_helper : Successfully Added DaysAfterHoliday Column

2022-09-11 00:40:08,417 : INFO : log_helper : Successfully Added MonthTiming Column

2022-09-11 00:40:08,417 : INFO : log_helper : Successfully Added MonthTiming Column

2022-09-11 00:40:08,417 : INFO : log_helper : Successfully Added MonthTiming Column

2022-09-11 00:42:37,340 : INFO : log_helper : Successfully Added Season Column

2022-09-11 00:42:37,340 : INFO : log_helper : Successfully Added Season Column

2022-09-11 00:42:37,340 : INFO : log_helper : Successfully Added Season Column

