time: 2022-09-06 23:44:47,314, function: __init__, module: log_helper, message: DataClean method added! 

time: 2022-09-07 00:04:00,912, function: __init__, module: log_helper, message: DataClean method added! 

time: 2022-09-07 00:04:00,912, function: __init__, module: log_helper, message: DataClean method added! 

time: 2022-09-07 00:04:00,912, function: __init__, module: log_helper, message: DataClean method added! 

time: 2022-09-07 00:05:12,460, function: __init__, module: log_helper, message: DataClean method added! 

time: 2022-09-07 00:05:12,460, function: __init__, module: log_helper, message: DataClean method added! 

time: 2022-09-07 00:05:12,461, function: __init__, module: log_helper, message: DataClean method added! 

time: 2022-09-07 00:06:02,970, function: __init__, module: log_helper, message: DataClean method added! 

time: 2022-09-07 00:06:02,971, function: __init__, module: log_helper, message: DataClean method added! 

time: 2022-09-07 00:06:02,971, function: __init__, module: log_helper, message: DataClean method added! 

time: 2022-09-07 00:08:19,874, function: __init__, module: log_helper, message: DataClean method added! 

time: 2022-09-07 00:08:19,875, function: __init__, module: log_helper, message: DataClean method added! 

time: 2022-09-07 00:08:19,875, function: __init__, module: log_helper, message: DataClean method added! 

time: 2022-09-07 08:26:28,520, function: __init__, module: log_helper, message: DataClean method added! 

time: 2022-09-07 08:26:28,523, function: __init__, module: log_helper, message: DataClean method added! 

time: 2022-09-07 08:27:54,028, function: dateParser, module: log_helper, message: parsed data successfully! 

time: 2022-09-07 08:27:59,139, function: dateParser, module: log_helper, message: parsed data successfully! 

time: 2022-09-07 09:04:49,367, function: __init__, module: log_helper, message: DataClean method added! 

time: 2022-09-07 09:05:49,851, function: __init__, module: log_helper, message: DataClean method added! 

time: 2022-09-07 09:06:08,848, function: __init__, module: log_helper, message: DataClean method added! 

time: 2022-09-07 09:06:08,848, function: __init__, module: log_helper, message: DataClean method added! 

time: 2022-09-07 09:06:09,161, function: dateParser, module: log_helper, message: parsed data successfully! 

time: 2022-09-07 09:06:14,053, function: dateParser, module: log_helper, message: parsed data successfully! 

time: 2022-09-07 09:06:15,834, function: __init__, module: log_helper, message: DataClean method added! 

time: 2022-09-07 09:06:15,839, function: fix_outlier_with_median, module: log_helper, message: outlier for CompetitionDistance successfully fixed! 

time: 2022-09-07 09:06:15,842, function: fix_outlier_with_median, module: log_helper, message: outlier for CompetitionOpenSinceMonth successfully fixed! 

time: 2022-09-07 09:07:30,073, function: fix_outlier_with_median, module: log_helper, message: outlier for Sales successfully fixed! 

2022-09-07 11:25:12,128 : INFO : log_helper : parsed data successfully!

2022-09-07 11:25:12,128 : INFO : log_helper : parsed data successfully!

2022-09-07 11:25:12,128 : INFO : log_helper : parsed data successfully!

2022-09-07 11:25:17,907 : INFO : log_helper : parsed data successfully!

2022-09-07 11:25:17,907 : INFO : log_helper : parsed data successfully!

2022-09-07 11:25:17,907 : INFO : log_helper : parsed data successfully!

2022-09-07 11:25:20,027 : INFO : log_helper : outlier for CompetitionDistance successfully fixed!

2022-09-07 11:25:20,027 : INFO : log_helper : outlier for CompetitionDistance successfully fixed!

2022-09-07 11:25:20,027 : INFO : log_helper : outlier for CompetitionDistance successfully fixed!

2022-09-07 11:25:20,027 : INFO : log_helper : outlier for CompetitionDistance successfully fixed!

2022-09-07 11:25:20,031 : INFO : log_helper : outlier for CompetitionOpenSinceMonth successfully fixed!

2022-09-07 11:25:20,031 : INFO : log_helper : outlier for CompetitionOpenSinceMonth successfully fixed!

2022-09-07 11:25:20,031 : INFO : log_helper : outlier for CompetitionOpenSinceMonth successfully fixed!

2022-09-07 11:25:20,031 : INFO : log_helper : outlier for CompetitionOpenSinceMonth successfully fixed!

2022-09-07 11:25:20,182 : INFO : log_helper : outlier for Sales successfully fixed!

2022-09-07 11:25:20,182 : INFO : log_helper : outlier for Sales successfully fixed!

2022-09-07 11:25:20,182 : INFO : log_helper : outlier for Sales successfully fixed!

2022-09-07 11:25:20,182 : INFO : log_helper : outlier for Sales successfully fixed!

2022-09-07 16:49:21,235 : INFO : log_helper : 

2022-09-07 16:57:33,022 : INFO : log_helper : 

2022-09-07 16:57:51,266 : INFO : log_helper : 

2022-09-07 17:39:34,307 : INFO : log_helper : Hist plot plotted!!!

2022-09-07 17:39:34,780 : INFO : log_helper : Hist plot plotted!!!

2022-09-07 18:11:50,343 : INFO : log_helper : bar plot plotted!!!

2022-09-07 18:15:05,441 : INFO : log_helper : bar plot plotted!!!

2022-09-07 18:16:08,218 : INFO : log_helper : bar plot plotted!!!

2022-09-07 20:25:01,983 : INFO : log_helper : bar plot plotted!!!

2022-09-07 20:25:02,340 : INFO : log_helper : bar plot plotted!!!

2022-09-07 20:25:05,088 : INFO : log_helper : Hist plot plotted!!!

2022-09-07 20:25:05,506 : INFO : log_helper : Hist plot plotted!!!

2022-09-07 20:52:29,130 : INFO : log_helper : bar plot plotted!!!

2022-09-07 20:52:29,413 : INFO : log_helper : bar plot plotted!!!

2022-09-07 20:52:32,001 : INFO : log_helper : Hist plot plotted!!!

2022-09-07 20:52:32,412 : INFO : log_helper : Hist plot plotted!!!

2022-09-07 20:54:16,766 : INFO : log_helper : bar plot plotted!!!

2022-09-07 20:54:17,059 : INFO : log_helper : bar plot plotted!!!

2022-09-07 20:54:19,721 : INFO : log_helper : Hist plot plotted!!!

2022-09-07 20:54:20,143 : INFO : log_helper : Hist plot plotted!!!

2022-09-07 23:20:11,303 : INFO : log_helper : bar plot plotted!!!

2022-09-07 23:20:11,591 : INFO : log_helper : bar plot plotted!!!

2022-09-07 23:20:14,201 : INFO : log_helper : Hist plot plotted!!!

2022-09-07 23:20:14,644 : INFO : log_helper : Hist plot plotted!!!

2022-09-10 22:03:48,201 : INFO : log_helper : parsed data successfully!

2022-09-10 22:03:48,201 : INFO : log_helper : parsed data successfully!

2022-09-10 22:03:48,201 : INFO : log_helper : parsed data successfully!

2022-09-10 22:56:09,634 : INFO : log_helper : parsed data successfully!

2022-09-10 22:56:09,634 : INFO : log_helper : parsed data successfully!

2022-09-10 22:59:27,126 : INFO : log_helper : Showing missing percentage

2022-09-10 22:59:27,126 : INFO : log_helper : Showing missing percentage

2022-09-10 23:04:54,626 : INFO : log_helper : Showing missing percentage

2022-09-10 23:04:54,626 : INFO : log_helper : Showing missing percentage

2022-09-11 00:02:28,414 : INFO : log_helper : Box plot plotted!!!

2022-09-11 00:02:28,414 : INFO : log_helper : Box plot plotted!!!

2022-09-11 00:02:28,600 : INFO : log_helper : Box plot plotted!!!

2022-09-11 00:02:28,600 : INFO : log_helper : Box plot plotted!!!

2022-09-11 00:02:40,933 : INFO : log_helper : Box plot plotted!!!

2022-09-11 00:02:40,933 : INFO : log_helper : Box plot plotted!!!

2022-09-11 00:02:41,226 : INFO : log_helper : Box plot plotted!!!

2022-09-11 00:02:41,226 : INFO : log_helper : Box plot plotted!!!

2022-09-11 00:14:30,404 : INFO : log_helper : outlier for Customers successfully fixed!

2022-09-11 00:14:30,404 : INFO : log_helper : outlier for Customers successfully fixed!

2022-09-11 00:14:30,404 : INFO : log_helper : outlier for Customers successfully fixed!

2022-09-11 00:14:30,462 : INFO : log_helper : outlier for Sales successfully fixed!

2022-09-11 00:14:30,462 : INFO : log_helper : outlier for Sales successfully fixed!

2022-09-11 00:14:30,462 : INFO : log_helper : outlier for Sales successfully fixed!

2022-09-11 00:14:55,186 : INFO : log_helper : Box plot plotted!!!

2022-09-11 00:14:55,186 : INFO : log_helper : Box plot plotted!!!

2022-09-11 00:14:55,186 : INFO : log_helper : Box plot plotted!!!

2022-09-11 00:14:55,377 : INFO : log_helper : Box plot plotted!!!

2022-09-11 00:14:55,377 : INFO : log_helper : Box plot plotted!!!

2022-09-11 00:14:55,377 : INFO : log_helper : Box plot plotted!!!

2022-09-11 00:40:07,036 : INFO : log_helper : Successfully Added WeekDay Column to the DataFrame

2022-09-11 00:40:07,036 : INFO : log_helper : Successfully Added WeekDay Column to the DataFrame

2022-09-11 00:40:07,036 : INFO : log_helper : Successfully Added WeekDay Column to the DataFrame

2022-09-11 00:40:07,668 : INFO : log_helper : Successfully Added DaysToHoliday Column

2022-09-11 00:40:07,668 : INFO : log_helper : Successfully Added DaysToHoliday Column

2022-09-11 00:40:07,668 : INFO : log_helper : Successfully Added DaysToHoliday Column

2022-09-11 00:40:08,134 : INFO : log_helper : Successfully Added DaysAfterHoliday Column

2022-09-11 00:40:08,134 : INFO : log_helper : Successfully Added DaysAfterHoliday Column

2022-09-11 00:40:08,134 : INFO : log_helper : Successfully Added DaysAfterHoliday Column

2022-09-11 00:40:08,417 : INFO : log_helper : Successfully Added MonthTiming Column

2022-09-11 00:40:08,417 : INFO : log_helper : Successfully Added MonthTiming Column

2022-09-11 00:40:08,417 : INFO : log_helper : Successfully Added MonthTiming Column

2022-09-11 00:42:37,340 : INFO : log_helper : Successfully Added Season Column

2022-09-11 00:42:37,340 : INFO : log_helper : Successfully Added Season Column

2022-09-11 00:42:37,340 : INFO : log_helper : Successfully Added Season Column

2022-09-11 10:27:35,873 : INFO : log_helper : parsed data successfully!

2022-09-11 10:27:35,873 : INFO : log_helper : parsed data successfully!

2022-09-11 10:27:36,873 : INFO : log_helper : Showing missing percentage

2022-09-11 10:27:36,873 : INFO : log_helper : Showing missing percentage

2022-09-11 10:27:37,536 : INFO : log_helper : Showing missing percentage

2022-09-11 10:27:37,536 : INFO : log_helper : Showing missing percentage

2022-09-11 10:27:37,901 : INFO : log_helper : Box plot plotted!!!

2022-09-11 10:27:37,901 : INFO : log_helper : Box plot plotted!!!

2022-09-11 10:27:38,052 : INFO : log_helper : Box plot plotted!!!

2022-09-11 10:27:38,052 : INFO : log_helper : Box plot plotted!!!

2022-09-11 10:27:38,145 : INFO : log_helper : outlier for Customers successfully fixed!

2022-09-11 10:27:38,145 : INFO : log_helper : outlier for Customers successfully fixed!

2022-09-11 10:27:38,145 : INFO : log_helper : outlier for Customers successfully fixed!

2022-09-11 10:27:38,199 : INFO : log_helper : outlier for Sales successfully fixed!

2022-09-11 10:27:38,199 : INFO : log_helper : outlier for Sales successfully fixed!

2022-09-11 10:27:38,199 : INFO : log_helper : outlier for Sales successfully fixed!

2022-09-11 10:27:38,731 : INFO : log_helper : Box plot plotted!!!

2022-09-11 10:27:38,731 : INFO : log_helper : Box plot plotted!!!

2022-09-11 10:27:38,731 : INFO : log_helper : Box plot plotted!!!

2022-09-11 10:27:38,880 : INFO : log_helper : Box plot plotted!!!

2022-09-11 10:27:38,880 : INFO : log_helper : Box plot plotted!!!

2022-09-11 10:27:38,880 : INFO : log_helper : Box plot plotted!!!

2022-09-11 10:27:39,173 : INFO : log_helper : Successfully Added WeekDay Column to the DataFrame

2022-09-11 10:27:39,173 : INFO : log_helper : Successfully Added WeekDay Column to the DataFrame

2022-09-11 10:27:39,173 : INFO : log_helper : Successfully Added WeekDay Column to the DataFrame

2022-09-11 10:27:39,701 : INFO : log_helper : Successfully Added DaysToHoliday Column

2022-09-11 10:27:39,701 : INFO : log_helper : Successfully Added DaysToHoliday Column

2022-09-11 10:27:39,701 : INFO : log_helper : Successfully Added DaysToHoliday Column

2022-09-11 10:27:40,093 : INFO : log_helper : Successfully Added DaysAfterHoliday Column

2022-09-11 10:27:40,093 : INFO : log_helper : Successfully Added DaysAfterHoliday Column

2022-09-11 10:27:40,093 : INFO : log_helper : Successfully Added DaysAfterHoliday Column

2022-09-11 10:27:40,355 : INFO : log_helper : Successfully Added MonthTiming Column

2022-09-11 10:27:40,355 : INFO : log_helper : Successfully Added MonthTiming Column

2022-09-11 10:27:40,355 : INFO : log_helper : Successfully Added MonthTiming Column

2022-09-11 10:27:40,550 : INFO : log_helper : Successfully Added Season Column

2022-09-11 10:27:40,550 : INFO : log_helper : Successfully Added Season Column

2022-09-11 10:27:40,550 : INFO : log_helper : Successfully Added Season Column

