2022-09-10 22:03:48,201 : INFO : log_helper : parsed data successfully!

2022-09-10 22:56:09,634 : INFO : log_helper : parsed data successfully!

2022-09-10 22:59:27,126 : INFO : log_helper : Showing missing percentage

2022-09-10 22:59:27,126 : INFO : log_helper : Showing missing percentage

2022-09-10 23:04:54,626 : INFO : log_helper : Showing missing percentage

2022-09-10 23:04:54,626 : INFO : log_helper : Showing missing percentage

2022-09-11 00:02:28,414 : INFO : log_helper : Box plot plotted!!!

2022-09-11 00:02:28,414 : INFO : log_helper : Box plot plotted!!!

2022-09-11 00:02:28,600 : INFO : log_helper : Box plot plotted!!!

2022-09-11 00:02:28,600 : INFO : log_helper : Box plot plotted!!!

2022-09-11 00:02:40,933 : INFO : log_helper : Box plot plotted!!!

2022-09-11 00:02:40,933 : INFO : log_helper : Box plot plotted!!!

2022-09-11 00:02:41,226 : INFO : log_helper : Box plot plotted!!!

2022-09-11 00:02:41,226 : INFO : log_helper : Box plot plotted!!!

2022-09-11 00:14:30,404 : INFO : log_helper : outlier for Customers successfully fixed!

2022-09-11 00:14:30,404 : INFO : log_helper : outlier for Customers successfully fixed!

2022-09-11 00:14:30,462 : INFO : log_helper : outlier for Sales successfully fixed!

2022-09-11 00:14:30,462 : INFO : log_helper : outlier for Sales successfully fixed!

2022-09-11 00:14:55,186 : INFO : log_helper : Box plot plotted!!!

2022-09-11 00:14:55,186 : INFO : log_helper : Box plot plotted!!!

2022-09-11 00:14:55,377 : INFO : log_helper : Box plot plotted!!!

2022-09-11 00:14:55,377 : INFO : log_helper : Box plot plotted!!!

2022-09-11 00:40:07,036 : INFO : log_helper : Successfully Added WeekDay Column to the DataFrame

2022-09-11 00:40:07,036 : INFO : log_helper : Successfully Added WeekDay Column to the DataFrame

2022-09-11 00:40:07,668 : INFO : log_helper : Successfully Added DaysToHoliday Column

2022-09-11 00:40:07,668 : INFO : log_helper : Successfully Added DaysToHoliday Column

2022-09-11 00:40:08,134 : INFO : log_helper : Successfully Added DaysAfterHoliday Column

2022-09-11 00:40:08,134 : INFO : log_helper : Successfully Added DaysAfterHoliday Column

2022-09-11 00:40:08,417 : INFO : log_helper : Successfully Added MonthTiming Column

2022-09-11 00:40:08,417 : INFO : log_helper : Successfully Added MonthTiming Column

2022-09-11 00:42:37,340 : INFO : log_helper : Successfully Added Season Column

2022-09-11 00:42:37,340 : INFO : log_helper : Successfully Added Season Column

